<?xml version="1.0" encoding="UTF-8"?>
<testng-results ignored="0" total="1" passed="1" failed="0" skipped="0">
  <reporter-output>
    <line>
      <![CDATA[Browser window is maximized successfully]]>
    </line>
  </reporter-output>
  <suite started-at="2022-11-30T20:43:26 IST" name="Default suite" finished-at="2022-11-30T20:44:05 IST" duration-ms="39004">
    <groups>
    </groups>
    <test started-at="2022-11-30T20:43:26 IST" name="Default test" finished-at="2022-11-30T20:44:05 IST" duration-ms="39004">
      <class name="test_Scripts.Meesho_Project">
        <test-method is-config="true" signature="beforeSuit()[pri:0, instance:test_Scripts.Meesho_Project@342c38f8]" started-at="2022-11-30T20:43:26 IST" name="beforeSuit" finished-at="2022-11-30T20:43:26 IST" duration-ms="151" status="PASS">
          <reporter-output>
          </reporter-output>
        </test-method> <!-- beforeSuit -->
        <test-method is-config="true" signature="browserSetup()[pri:0, instance:test_Scripts.Meesho_Project@342c38f8]" started-at="2022-11-30T20:43:26 IST" name="browserSetup" finished-at="2022-11-30T20:43:35 IST" duration-ms="8752" status="PASS">
          <reporter-output>
            <line>
              <![CDATA[Browser window is maximized successfully]]>
            </line>
          </reporter-output>
        </test-method> <!-- browserSetup -->
        <test-method signature="test([Ljava.lang.String;)[pri:0, instance:test_Scripts.Meesho_Project@342c38f8]" started-at="2022-11-30T20:43:35 IST" name="test" data-provider="testData" finished-at="2022-11-30T20:44:05 IST" duration-ms="29585" status="PASS">
          <params>
            <param index="0">
              <value>
                <![CDATA[[Ljava.lang.String;@1c26273d]]>
              </value>
            </param>
          </params>
          <reporter-output>
          </reporter-output>
        </test-method> <!-- test -->
        <test-method is-config="true" signature="CloseApp()[pri:0, instance:test_Scripts.Meesho_Project@342c38f8]" started-at="2022-11-30T20:44:05 IST" name="CloseApp" finished-at="2022-11-30T20:44:05 IST" duration-ms="190" status="PASS">
          <reporter-output>
          </reporter-output>
        </test-method> <!-- CloseApp -->
        <test-method is-config="true" signature="afterSuite()[pri:0, instance:test_Scripts.Meesho_Project@342c38f8]" started-at="2022-11-30T20:44:05 IST" name="afterSuite" finished-at="2022-11-30T20:44:05 IST" duration-ms="209" status="PASS">
          <reporter-output>
          </reporter-output>
        </test-method> <!-- afterSuite -->
      </class> <!-- test_Scripts.Meesho_Project -->
    </test> <!-- Default test -->
  </suite> <!-- Default suite -->
</testng-results>
